{"7ccd7299ae53bcf97946e1bf6ac467be":{"statistic":{"failed":0,"broken":1,"skipped":0,"passed":2,"unknown":0,"total":3},"items":[{"uid":"655c038aa3164247","status":"passed","time":{"start":1686518887178,"stop":1686518889979,"duration":2801}},{"uid":"cf3c5c790c113355","status":"passed","time":{"start":1686517812137,"stop":1686517816456,"duration":4319}},{"uid":"1ff7144f74822788","status":"broken","statusDetails":"selenium.common.exceptions.NoSuchElementException: Message: An element could not be located on the page using the given search parameters.; For documentation on this error, please visit: https://www.selenium.dev/documentation/webdriver/troubleshooting/errors#no-such-element-exception\nStacktrace:\nNoSuchElementError: An element could not be located on the page using the given search parameters.\n    at AndroidUiautomator2Driver.findElOrEls (/Users/vn53xo7/node_modules/appium-uiautomator2-driver/node_modules/appium-android-driver/lib/commands/find.js:75:11)\n    at processTicksAndRejections (node:internal/process/task_queues:96:5)\n    at AndroidUiautomator2Driver.findElOrElsWithProcessing (/Users/vn53xo7/node_modules/@appium/base-driver/lib/basedriver/commands/find.ts:66:14)\n    at AndroidUiautomator2Driver.findElement (/Users/vn53xo7/node_modules/@appium/base-driver/lib/basedriver/commands/find.ts:13:12)","time":{"start":1686516999540,"stop":1686516999673,"duration":133}}]},"f065ade37fbcd4088330c2422a57822f":{"statistic":{"failed":0,"broken":2,"skipped":0,"passed":1,"unknown":0,"total":3},"items":[{"uid":"4ca72f3cfd2716a6","status":"passed","time":{"start":1686518883702,"stop":1686518887167,"duration":3465}},{"uid":"8f6c3132beb28455","status":"broken","statusDetails":"selenium.common.exceptions.NoSuchElementException: Message: An element could not be located on the page using the given search parameters.; For documentation on this error, please visit: https://www.selenium.dev/documentation/webdriver/troubleshooting/errors#no-such-element-exception\nStacktrace:\nNoSuchElementError: An element could not be located on the page using the given search parameters.\n    at AndroidUiautomator2Driver.findElOrEls (/Users/vn53xo7/node_modules/appium-uiautomator2-driver/node_modules/appium-android-driver/lib/commands/find.js:75:11)\n    at runMicrotasks (<anonymous>)\n    at processTicksAndRejections (node:internal/process/task_queues:96:5)\n    at AndroidUiautomator2Driver.findElOrElsWithProcessing (/Users/vn53xo7/node_modules/@appium/base-driver/lib/basedriver/commands/find.ts:66:14)\n    at AndroidUiautomator2Driver.findElement (/Users/vn53xo7/node_modules/@appium/base-driver/lib/basedriver/commands/find.ts:13:12)","time":{"start":1686517811531,"stop":1686517811994,"duration":463}},{"uid":"c0960041a3aae7e9","status":"broken","statusDetails":"selenium.common.exceptions.NoSuchElementException: Message: An element could not be located on the page using the given search parameters.; For documentation on this error, please visit: https://www.selenium.dev/documentation/webdriver/troubleshooting/errors#no-such-element-exception\nStacktrace:\nNoSuchElementError: An element could not be located on the page using the given search parameters.\n    at AndroidUiautomator2Driver.findElOrEls (/Users/vn53xo7/node_modules/appium-uiautomator2-driver/node_modules/appium-android-driver/lib/commands/find.js:75:11)\n    at processTicksAndRejections (node:internal/process/task_queues:96:5)\n    at AndroidUiautomator2Driver.findElOrElsWithProcessing (/Users/vn53xo7/node_modules/@appium/base-driver/lib/basedriver/commands/find.ts:66:14)\n    at AndroidUiautomator2Driver.findElement (/Users/vn53xo7/node_modules/@appium/base-driver/lib/basedriver/commands/find.ts:13:12)","time":{"start":1686516999290,"stop":1686516999390,"duration":100}}]},"c15305f61a48e7b72df8384b88256743":{"statistic":{"failed":3,"broken":0,"skipped":0,"passed":0,"unknown":0,"total":3},"items":[{"uid":"7bf27897b6b8a10","status":"failed","statusDetails":"AssertionError: assert 'PRODUCTS' == 'PRODUCTSS'\n  - PRODUCTSS\n  ?         -\n  + PRODUCTS","time":{"start":1686518889996,"stop":1686518893397,"duration":3401}},{"uid":"f922f3e2bd19255b","status":"failed","statusDetails":"AssertionError: assert 'PRODUCTS' == 'PRODUCTSS'\n  - PRODUCTSS\n  ?         -\n  + PRODUCTS","time":{"start":1686517816479,"stop":1686517819754,"duration":3275}},{"uid":"b932d5015e6ce14","status":"failed","statusDetails":"AssertionError: assert 'PRODUCTS' == 'PRODUCTSS'\n  - PRODUCTSS\n  ?         -\n  + PRODUCTS","time":{"start":1686516999789,"stop":1686517004263,"duration":4474}}]}}