{"name": "Successful login", "status": "broken", "statusDetails": {"message": "selenium.common.exceptions.NoSuchElementException: Message: An element could not be located on the page using the given search parameters.\nStacktrace:\nNoSuchElementError: An element could not be located on the page using the given search parameters.\n    at AndroidUiautomator2Driver.findElOrEls (C:\\Program Files\\Appium Server GUI\\resources\\app\\node_modules\\appium\\node_modules\\appium-android-driver\\lib\\commands\\find.js:75:11)\n    at runMicrotasks (<anonymous>)\n    at processTicksAndRejections (internal/process/task_queues.js:97:5)\n    at AndroidUiautomator2Driver.findElOrElsWithProcessing (C:\\Program Files\\Appium Server GUI\\resources\\app\\node_modules\\appium\\node_modules\\appium-base-driver\\lib\\basedriver\\commands\\find.js:33:12)\n    at AndroidUiautomator2Driver.findElement (C:\\Program Files\\Appium Server GUI\\resources\\app\\node_modules\\appium\\node_modules\\appium-base-driver\\lib\\basedriver\\commands\\find.js:53:10)\n", "trace": "  File \"E:\\Users\\314511\\PycharmProjects\\baz_behave\\venv\\Lib\\site-packages\\behave\\model.py\", line 1329, in run\n    match.run(runner.context)\n  File \"E:\\Users\\314511\\PycharmProjects\\baz_behave\\venv\\Lib\\site-packages\\behave\\matchers.py\", line 98, in run\n    self.func(context, *args, **kwargs)\n  File \"steps\\log_in_steps.py\", line 30, in step_impl\n    login_screen.assert_text(*login_screen.home_page, text=HOME_TEXTS.get('HOME_PAGE'))\n  File \"E:\\Users\\314511\\PycharmProjects\\baz_behave\\Behave\\utils\\common_actions.py\", line 13, in assert_text\n    element_text = self.find_element(*locator).text\n                   ^^^^^^^^^^^^^^^^^^^^^^^^^^^\n  File \"E:\\Users\\314511\\PycharmProjects\\baz_behave\\Behave\\utils\\common_actions.py\", line 10, in find_element\n    return self.driver.find_element(*locator)\n           ^^^^^^^^^^^^^^^^^^^^^^^^^^^^^^^^^^\n  File \"E:\\Users\\314511\\PycharmProjects\\baz_behave\\venv\\Lib\\site-packages\\appium\\webdriver\\webdriver.py\", line 387, in find_element\n    return self.execute(RemoteCommand.FIND_ELEMENT, {'using': by, 'value': value})['value']\n           ^^^^^^^^^^^^^^^^^^^^^^^^^^^^^^^^^^^^^^^^^^^^^^^^^^^^^^^^^^^^^^^^^^^^^^^\n  File \"E:\\Users\\314511\\PycharmProjects\\baz_behave\\venv\\Lib\\site-packages\\selenium\\webdriver\\remote\\webdriver.py\", line 440, in execute\n    self.error_handler.check_response(response)\n  File \"E:\\Users\\314511\\PycharmProjects\\baz_behave\\venv\\Lib\\site-packages\\appium\\webdriver\\errorhandler.py\", line 30, in check_response\n    raise wde\n  File \"E:\\Users\\314511\\PycharmProjects\\baz_behave\\venv\\Lib\\site-packages\\appium\\webdriver\\errorhandler.py\", line 26, in check_response\n    super().check_response(response)\n  File \"E:\\Users\\314511\\PycharmProjects\\baz_behave\\venv\\Lib\\site-packages\\selenium\\webdriver\\remote\\errorhandler.py\", line 245, in check_response\n    raise exception_class(message, screen, stacktrace)\n"}, "steps": [{"name": "Given I am in the Sauce Labs application", "status": "passed", "start": 1687888758448, "stop": 1687888759561}, {"name": "When Enter my username", "status": "passed", "start": 1687888759561, "stop": 1687888759623}, {"name": "And Enter my password", "status": "passed", "start": 1687888759623, "stop": 1687888760788}, {"name": "And I tap the login", "status": "passed", "start": 1687888760788, "stop": 1687888761614}, {"name": "Then I can see title Products", "status": "broken", "statusDetails": {"message": "selenium.common.exceptions.NoSuchElementException: Message: An element could not be located on the page using the given search parameters.\nStacktrace:\nNoSuchElementError: An element could not be located on the page using the given search parameters.\n    at AndroidUiautomator2Driver.findElOrEls (C:\\Program Files\\Appium Server GUI\\resources\\app\\node_modules\\appium\\node_modules\\appium-android-driver\\lib\\commands\\find.js:75:11)\n    at runMicrotasks (<anonymous>)\n    at processTicksAndRejections (internal/process/task_queues.js:97:5)\n    at AndroidUiautomator2Driver.findElOrElsWithProcessing (C:\\Program Files\\Appium Server GUI\\resources\\app\\node_modules\\appium\\node_modules\\appium-base-driver\\lib\\basedriver\\commands\\find.js:33:12)\n    at AndroidUiautomator2Driver.findElement (C:\\Program Files\\Appium Server GUI\\resources\\app\\node_modules\\appium\\node_modules\\appium-base-driver\\lib\\basedriver\\commands\\find.js:53:10)\n", "trace": "  File \"E:\\Users\\314511\\PycharmProjects\\baz_behave\\venv\\Lib\\site-packages\\behave\\model.py\", line 1329, in run\n    match.run(runner.context)\n  File \"E:\\Users\\314511\\PycharmProjects\\baz_behave\\venv\\Lib\\site-packages\\behave\\matchers.py\", line 98, in run\n    self.func(context, *args, **kwargs)\n  File \"steps\\log_in_steps.py\", line 30, in step_impl\n    login_screen.assert_text(*login_screen.home_page, text=HOME_TEXTS.get('HOME_PAGE'))\n  File \"E:\\Users\\314511\\PycharmProjects\\baz_behave\\Behave\\utils\\common_actions.py\", line 13, in assert_text\n    element_text = self.find_element(*locator).text\n                   ^^^^^^^^^^^^^^^^^^^^^^^^^^^\n  File \"E:\\Users\\314511\\PycharmProjects\\baz_behave\\Behave\\utils\\common_actions.py\", line 10, in find_element\n    return self.driver.find_element(*locator)\n           ^^^^^^^^^^^^^^^^^^^^^^^^^^^^^^^^^^\n  File \"E:\\Users\\314511\\PycharmProjects\\baz_behave\\venv\\Lib\\site-packages\\appium\\webdriver\\webdriver.py\", line 387, in find_element\n    return self.execute(RemoteCommand.FIND_ELEMENT, {'using': by, 'value': value})['value']\n           ^^^^^^^^^^^^^^^^^^^^^^^^^^^^^^^^^^^^^^^^^^^^^^^^^^^^^^^^^^^^^^^^^^^^^^^\n  File \"E:\\Users\\314511\\PycharmProjects\\baz_behave\\venv\\Lib\\site-packages\\selenium\\webdriver\\remote\\webdriver.py\", line 440, in execute\n    self.error_handler.check_response(response)\n  File \"E:\\Users\\314511\\PycharmProjects\\baz_behave\\venv\\Lib\\site-packages\\appium\\webdriver\\errorhandler.py\", line 30, in check_response\n    raise wde\n  File \"E:\\Users\\314511\\PycharmProjects\\baz_behave\\venv\\Lib\\site-packages\\appium\\webdriver\\errorhandler.py\", line 26, in check_response\n    super().check_response(response)\n  File \"E:\\Users\\314511\\PycharmProjects\\baz_behave\\venv\\Lib\\site-packages\\selenium\\webdriver\\remote\\errorhandler.py\", line 245, in check_response\n    raise exception_class(message, screen, stacktrace)\n"}, "start": 1687888761614, "stop": 1687888781677}], "start": 1687888737152, "stop": 1687888782855, "uuid": "59271084-661e-44e1-a7c5-78d5c8208e7a", "historyId": "e78cd3580ab5d3bbe1cff574d10b8311", "fullName": "Log In: Successful login", "labels": [{"name": "severity", "value": "normal"}, {"name": "tag", "value": "smoke"}, {"name": "feature", "value": "Log In"}, {"name": "framework", "value": "behave"}, {"name": "language", "value": "cpython3"}]}