{"name": "Complete purchase", "status": "broken", "statusDetails": {"message": "selenium.common.exceptions.NoSuchElementException: Message: An element could not be located on the page using the given search parameters.\nStacktrace:\nNoSuchElementError: An element could not be located on the page using the given search parameters.\n    at AndroidUiautomator2Driver.findElOrEls (C:\\Program Files\\Appium Server GUI\\resources\\app\\node_modules\\appium\\node_modules\\appium-android-driver\\lib\\commands\\find.js:75:11)\n    at runMicrotasks (<anonymous>)\n    at processTicksAndRejections (internal/process/task_queues.js:97:5)\n    at AndroidUiautomator2Driver.findElOrElsWithProcessing (C:\\Program Files\\Appium Server GUI\\resources\\app\\node_modules\\appium\\node_modules\\appium-base-driver\\lib\\basedriver\\commands\\find.js:33:12)\n    at AndroidUiautomator2Driver.findElement (C:\\Program Files\\Appium Server GUI\\resources\\app\\node_modules\\appium\\node_modules\\appium-base-driver\\lib\\basedriver\\commands\\find.js:53:10)\n", "trace": "  File \"E:\\Users\\314511\\PycharmProjects\\baz_behave\\venv\\Lib\\site-packages\\behave\\model.py\", line 1329, in run\n    match.run(runner.context)\n  File \"E:\\Users\\314511\\PycharmProjects\\baz_behave\\venv\\Lib\\site-packages\\behave\\matchers.py\", line 98, in run\n    self.func(context, *args, **kwargs)\n  File \"steps\\checkout_steps.py\", line 29, in step_impl\n    checkout.fill_text(*checkout.form_name, text=FORM.get(\"NAME\"))\n  File \"E:\\Users\\314511\\PycharmProjects\\baz_behave\\Behave\\utils\\common_actions.py\", line 23, in fill_text\n    text_field = self.find_element(*locator)\n                 ^^^^^^^^^^^^^^^^^^^^^^^^^^^\n  File \"E:\\Users\\314511\\PycharmProjects\\baz_behave\\Behave\\utils\\common_actions.py\", line 12, in find_element\n    return self.driver.find_element(*locator)\n           ^^^^^^^^^^^^^^^^^^^^^^^^^^^^^^^^^^\n  File \"E:\\Users\\314511\\PycharmProjects\\baz_behave\\venv\\Lib\\site-packages\\appium\\webdriver\\webdriver.py\", line 387, in find_element\n    return self.execute(RemoteCommand.FIND_ELEMENT, {'using': by, 'value': value})['value']\n           ^^^^^^^^^^^^^^^^^^^^^^^^^^^^^^^^^^^^^^^^^^^^^^^^^^^^^^^^^^^^^^^^^^^^^^^\n  File \"E:\\Users\\314511\\PycharmProjects\\baz_behave\\venv\\Lib\\site-packages\\selenium\\webdriver\\remote\\webdriver.py\", line 440, in execute\n    self.error_handler.check_response(response)\n  File \"E:\\Users\\314511\\PycharmProjects\\baz_behave\\venv\\Lib\\site-packages\\appium\\webdriver\\errorhandler.py\", line 30, in check_response\n    raise wde\n  File \"E:\\Users\\314511\\PycharmProjects\\baz_behave\\venv\\Lib\\site-packages\\appium\\webdriver\\errorhandler.py\", line 26, in check_response\n    super().check_response(response)\n  File \"E:\\Users\\314511\\PycharmProjects\\baz_behave\\venv\\Lib\\site-packages\\selenium\\webdriver\\remote\\errorhandler.py\", line 245, in check_response\n    raise exception_class(message, screen, stacktrace)\n"}, "steps": [{"name": "Given login", "status": "passed", "start": 1687990714456, "stop": 1687990718011}, {"name": "Given the user has added multiple items to the shopping cart", "status": "passed", "start": 1687990718011, "stop": 1687990720506}, {"name": "When the user selects the cart option", "status": "passed", "start": 1687990720506, "stop": 1687990722592}, {"name": "And the purchase confirmation screen is displayed", "status": "passed", "start": 1687990722592, "stop": 1687990723368}, {"name": "And customer data is entered", "status": "broken", "statusDetails": {"message": "selenium.common.exceptions.NoSuchElementException: Message: An element could not be located on the page using the given search parameters.\nStacktrace:\nNoSuchElementError: An element could not be located on the page using the given search parameters.\n    at AndroidUiautomator2Driver.findElOrEls (C:\\Program Files\\Appium Server GUI\\resources\\app\\node_modules\\appium\\node_modules\\appium-android-driver\\lib\\commands\\find.js:75:11)\n    at runMicrotasks (<anonymous>)\n    at processTicksAndRejections (internal/process/task_queues.js:97:5)\n    at AndroidUiautomator2Driver.findElOrElsWithProcessing (C:\\Program Files\\Appium Server GUI\\resources\\app\\node_modules\\appium\\node_modules\\appium-base-driver\\lib\\basedriver\\commands\\find.js:33:12)\n    at AndroidUiautomator2Driver.findElement (C:\\Program Files\\Appium Server GUI\\resources\\app\\node_modules\\appium\\node_modules\\appium-base-driver\\lib\\basedriver\\commands\\find.js:53:10)\n", "trace": "  File \"E:\\Users\\314511\\PycharmProjects\\baz_behave\\venv\\Lib\\site-packages\\behave\\model.py\", line 1329, in run\n    match.run(runner.context)\n  File \"E:\\Users\\314511\\PycharmProjects\\baz_behave\\venv\\Lib\\site-packages\\behave\\matchers.py\", line 98, in run\n    self.func(context, *args, **kwargs)\n  File \"steps\\checkout_steps.py\", line 29, in step_impl\n    checkout.fill_text(*checkout.form_name, text=FORM.get(\"NAME\"))\n  File \"E:\\Users\\314511\\PycharmProjects\\baz_behave\\Behave\\utils\\common_actions.py\", line 23, in fill_text\n    text_field = self.find_element(*locator)\n                 ^^^^^^^^^^^^^^^^^^^^^^^^^^^\n  File \"E:\\Users\\314511\\PycharmProjects\\baz_behave\\Behave\\utils\\common_actions.py\", line 12, in find_element\n    return self.driver.find_element(*locator)\n           ^^^^^^^^^^^^^^^^^^^^^^^^^^^^^^^^^^\n  File \"E:\\Users\\314511\\PycharmProjects\\baz_behave\\venv\\Lib\\site-packages\\appium\\webdriver\\webdriver.py\", line 387, in find_element\n    return self.execute(RemoteCommand.FIND_ELEMENT, {'using': by, 'value': value})['value']\n           ^^^^^^^^^^^^^^^^^^^^^^^^^^^^^^^^^^^^^^^^^^^^^^^^^^^^^^^^^^^^^^^^^^^^^^^\n  File \"E:\\Users\\314511\\PycharmProjects\\baz_behave\\venv\\Lib\\site-packages\\selenium\\webdriver\\remote\\webdriver.py\", line 440, in execute\n    self.error_handler.check_response(response)\n  File \"E:\\Users\\314511\\PycharmProjects\\baz_behave\\venv\\Lib\\site-packages\\appium\\webdriver\\errorhandler.py\", line 30, in check_response\n    raise wde\n  File \"E:\\Users\\314511\\PycharmProjects\\baz_behave\\venv\\Lib\\site-packages\\appium\\webdriver\\errorhandler.py\", line 26, in check_response\n    super().check_response(response)\n  File \"E:\\Users\\314511\\PycharmProjects\\baz_behave\\venv\\Lib\\site-packages\\selenium\\webdriver\\remote\\errorhandler.py\", line 245, in check_response\n    raise exception_class(message, screen, stacktrace)\n"}, "start": 1687990723368, "stop": 1687990743577}, {"name": "And I tap the continue button", "status": "skipped", "start": 1687990744853, "stop": 1687990744853}, {"name": "And we scroll to find the button", "status": "skipped", "start": 1687990744853, "stop": 1687990744853}, {"name": "And we tap on the TERMINAR button", "status": "skipped", "start": 1687990744853, "stop": 1687990744853}, {"name": "Then you should be redirected to the order processed screen", "status": "skipped", "start": 1687990744853, "stop": 1687990744853}], "start": 1687990693027, "stop": 1687990744853, "uuid": "1be43d2f-cc10-4197-b4e6-e73b8cf66ded", "historyId": "dea6f847c68cd45501f4b3a73fd5f251", "fullName": "Make a purchase: Complete purchase", "labels": [{"name": "severity", "value": "normal"}, {"name": "tag", "value": "smoke"}, {"name": "feature", "value": "Make a purchase"}, {"name": "framework", "value": "behave"}, {"name": "language", "value": "cpython3"}]}