{"name": "Complete purchase", "status": "broken", "statusDetails": {"message": "selenium.common.exceptions.NoSuchElementException: Message: An element could not be located on the page using the given search parameters.\nStacktrace:\nNoSuchElementError: An element could not be located on the page using the given search parameters.\n    at AndroidUiautomator2Driver.findElOrEls (C:\\Program Files\\Appium Server GUI\\resources\\app\\node_modules\\appium\\node_modules\\appium-android-driver\\lib\\commands\\find.js:75:11)\n    at runMicrotasks (<anonymous>)\n    at processTicksAndRejections (internal/process/task_queues.js:97:5)\n    at AndroidUiautomator2Driver.findElOrElsWithProcessing (C:\\Program Files\\Appium Server GUI\\resources\\app\\node_modules\\appium\\node_modules\\appium-base-driver\\lib\\basedriver\\commands\\find.js:33:12)\n    at AndroidUiautomator2Driver.findElement (C:\\Program Files\\Appium Server GUI\\resources\\app\\node_modules\\appium\\node_modules\\appium-base-driver\\lib\\basedriver\\commands\\find.js:53:10)\n", "trace": "  File \"E:\\Users\\314511\\PycharmProjects\\baz_behave\\venv\\Lib\\site-packages\\behave\\model.py\", line 1329, in run\n    match.run(runner.context)\n  File \"E:\\Users\\314511\\PycharmProjects\\baz_behave\\venv\\Lib\\site-packages\\behave\\matchers.py\", line 98, in run\n    self.func(context, *args, **kwargs)\n  File \"steps\\checkout_steps.py\", line 9, in step_impl\n    checkout.tap_element(*checkout.add_product2)\n  File \"E:\\Users\\314511\\PycharmProjects\\baz_behave\\Behave\\utils\\common_actions.py\", line 24, in tap_element\n    action.tap(self.find_element(*locator)).perform()\n               ^^^^^^^^^^^^^^^^^^^^^^^^^^^\n  File \"E:\\Users\\314511\\PycharmProjects\\baz_behave\\Behave\\utils\\common_actions.py\", line 16, in find_element\n    return self.driver.find_element(*locator)\n           ^^^^^^^^^^^^^^^^^^^^^^^^^^^^^^^^^^\n  File \"E:\\Users\\314511\\PycharmProjects\\baz_behave\\venv\\Lib\\site-packages\\appium\\webdriver\\webdriver.py\", line 387, in find_element\n    return self.execute(RemoteCommand.FIND_ELEMENT, {'using': by, 'value': value})['value']\n           ^^^^^^^^^^^^^^^^^^^^^^^^^^^^^^^^^^^^^^^^^^^^^^^^^^^^^^^^^^^^^^^^^^^^^^^\n  File \"E:\\Users\\314511\\PycharmProjects\\baz_behave\\venv\\Lib\\site-packages\\selenium\\webdriver\\remote\\webdriver.py\", line 440, in execute\n    self.error_handler.check_response(response)\n  File \"E:\\Users\\314511\\PycharmProjects\\baz_behave\\venv\\Lib\\site-packages\\appium\\webdriver\\errorhandler.py\", line 30, in check_response\n    raise wde\n  File \"E:\\Users\\314511\\PycharmProjects\\baz_behave\\venv\\Lib\\site-packages\\appium\\webdriver\\errorhandler.py\", line 26, in check_response\n    super().check_response(response)\n  File \"E:\\Users\\314511\\PycharmProjects\\baz_behave\\venv\\Lib\\site-packages\\selenium\\webdriver\\remote\\errorhandler.py\", line 245, in check_response\n    raise exception_class(message, screen, stacktrace)\n"}, "steps": [{"name": "Given login", "status": "passed", "start": 1688080845108, "stop": 1688080848221}, {"name": "Given the user has added multiple items to the shopping cart", "status": "broken", "statusDetails": {"message": "selenium.common.exceptions.NoSuchElementException: Message: An element could not be located on the page using the given search parameters.\nStacktrace:\nNoSuchElementError: An element could not be located on the page using the given search parameters.\n    at AndroidUiautomator2Driver.findElOrEls (C:\\Program Files\\Appium Server GUI\\resources\\app\\node_modules\\appium\\node_modules\\appium-android-driver\\lib\\commands\\find.js:75:11)\n    at runMicrotasks (<anonymous>)\n    at processTicksAndRejections (internal/process/task_queues.js:97:5)\n    at AndroidUiautomator2Driver.findElOrElsWithProcessing (C:\\Program Files\\Appium Server GUI\\resources\\app\\node_modules\\appium\\node_modules\\appium-base-driver\\lib\\basedriver\\commands\\find.js:33:12)\n    at AndroidUiautomator2Driver.findElement (C:\\Program Files\\Appium Server GUI\\resources\\app\\node_modules\\appium\\node_modules\\appium-base-driver\\lib\\basedriver\\commands\\find.js:53:10)\n", "trace": "  File \"E:\\Users\\314511\\PycharmProjects\\baz_behave\\venv\\Lib\\site-packages\\behave\\model.py\", line 1329, in run\n    match.run(runner.context)\n  File \"E:\\Users\\314511\\PycharmProjects\\baz_behave\\venv\\Lib\\site-packages\\behave\\matchers.py\", line 98, in run\n    self.func(context, *args, **kwargs)\n  File \"steps\\checkout_steps.py\", line 9, in step_impl\n    checkout.tap_element(*checkout.add_product2)\n  File \"E:\\Users\\314511\\PycharmProjects\\baz_behave\\Behave\\utils\\common_actions.py\", line 24, in tap_element\n    action.tap(self.find_element(*locator)).perform()\n               ^^^^^^^^^^^^^^^^^^^^^^^^^^^\n  File \"E:\\Users\\314511\\PycharmProjects\\baz_behave\\Behave\\utils\\common_actions.py\", line 16, in find_element\n    return self.driver.find_element(*locator)\n           ^^^^^^^^^^^^^^^^^^^^^^^^^^^^^^^^^^\n  File \"E:\\Users\\314511\\PycharmProjects\\baz_behave\\venv\\Lib\\site-packages\\appium\\webdriver\\webdriver.py\", line 387, in find_element\n    return self.execute(RemoteCommand.FIND_ELEMENT, {'using': by, 'value': value})['value']\n           ^^^^^^^^^^^^^^^^^^^^^^^^^^^^^^^^^^^^^^^^^^^^^^^^^^^^^^^^^^^^^^^^^^^^^^^\n  File \"E:\\Users\\314511\\PycharmProjects\\baz_behave\\venv\\Lib\\site-packages\\selenium\\webdriver\\remote\\webdriver.py\", line 440, in execute\n    self.error_handler.check_response(response)\n  File \"E:\\Users\\314511\\PycharmProjects\\baz_behave\\venv\\Lib\\site-packages\\appium\\webdriver\\errorhandler.py\", line 30, in check_response\n    raise wde\n  File \"E:\\Users\\314511\\PycharmProjects\\baz_behave\\venv\\Lib\\site-packages\\appium\\webdriver\\errorhandler.py\", line 26, in check_response\n    super().check_response(response)\n  File \"E:\\Users\\314511\\PycharmProjects\\baz_behave\\venv\\Lib\\site-packages\\selenium\\webdriver\\remote\\errorhandler.py\", line 245, in check_response\n    raise exception_class(message, screen, stacktrace)\n"}, "start": 1688080848221, "stop": 1688080868282}, {"name": "When the user selects the cart option", "status": "skipped", "start": 1688080869382, "stop": 1688080869382}, {"name": "And the purchase confirmation screen is displayed", "status": "skipped", "start": 1688080869382, "stop": 1688080869382}, {"name": "And customer data is entered", "status": "skipped", "start": 1688080869382, "stop": 1688080869382}, {"name": "And I tap the continue button", "status": "skipped", "start": 1688080869382, "stop": 1688080869382}, {"name": "And we scroll to find the button", "status": "skipped", "start": 1688080869382, "stop": 1688080869382}, {"name": "And we tap on the terminar button", "status": "skipped", "start": 1688080869382, "stop": 1688080869382}, {"name": "Then you should be redirected to the order processed screen", "status": "skipped", "start": 1688080869382, "stop": 1688080869382}], "start": 1688080822874, "stop": 1688080869382, "uuid": "acb654f9-d358-44a5-a481-a5b914197a31", "historyId": "dea6f847c68cd45501f4b3a73fd5f251", "fullName": "Make a purchase: Complete purchase", "labels": [{"name": "severity", "value": "normal"}, {"name": "tag", "value": "smoke"}, {"name": "feature", "value": "Make a purchase"}, {"name": "framework", "value": "behave"}, {"name": "language", "value": "cpython3"}]}