{"name": "Validate the Price from lowest to highest", "status": "broken", "statusDetails": {"message": "selenium.common.exceptions.NoSuchElementException: Message: An element could not be located on the page using the given search parameters.\nStacktrace:\nNoSuchElementError: An element could not be located on the page using the given search parameters.\n    at AndroidUiautomator2Driver.findElOrEls (C:\\Program Files\\Appium Server GUI\\resources\\app\\node_modules\\appium\\node_modules\\appium-android-driver\\lib\\commands\\find.js:75:11)\n    at runMicrotasks (<anonymous>)\n    at processTicksAndRejections (internal/process/task_queues.js:97:5)\n    at AndroidUiautomator2Driver.findElOrElsWithProcessing (C:\\Program Files\\Appium Server GUI\\resources\\app\\node_modules\\appium\\node_modules\\appium-base-driver\\lib\\basedriver\\commands\\find.js:33:12)\n    at AndroidUiautomator2Driver.findElement (C:\\Program Files\\Appium Server GUI\\resources\\app\\node_modules\\appium\\node_modules\\appium-base-driver\\lib\\basedriver\\commands\\find.js:53:10)\n", "trace": "  File \"E:\\Users\\314511\\PycharmProjects\\baz_behave\\venv\\Lib\\site-packages\\behave\\model.py\", line 1329, in run\n    match.run(runner.context)\n  File \"E:\\Users\\314511\\PycharmProjects\\baz_behave\\venv\\Lib\\site-packages\\behave\\matchers.py\", line 98, in run\n    self.func(context, *args, **kwargs)\n  File \"steps\\price_filter_steps.py\", line 30, in step_impl\n    context.high_price = price_filter.get_text_of_element(*price_filter.lbl_high_price)\n                         ^^^^^^^^^^^^^^^^^^^^^^^^^^^^^^^^^^^^^^^^^^^^^^^^^^^^^^^^^^^^^^\n  File \"E:\\Users\\314511\\PycharmProjects\\baz_behave\\Behave\\utils\\common_actions.py\", line 27, in get_text_of_element\n    return self.driver.find_element(*locator).text\n           ^^^^^^^^^^^^^^^^^^^^^^^^^^^^^^^^^^\n  File \"E:\\Users\\314511\\PycharmProjects\\baz_behave\\venv\\Lib\\site-packages\\appium\\webdriver\\webdriver.py\", line 387, in find_element\n    return self.execute(RemoteCommand.FIND_ELEMENT, {'using': by, 'value': value})['value']\n           ^^^^^^^^^^^^^^^^^^^^^^^^^^^^^^^^^^^^^^^^^^^^^^^^^^^^^^^^^^^^^^^^^^^^^^^\n  File \"E:\\Users\\314511\\PycharmProjects\\baz_behave\\venv\\Lib\\site-packages\\selenium\\webdriver\\remote\\webdriver.py\", line 440, in execute\n    self.error_handler.check_response(response)\n  File \"E:\\Users\\314511\\PycharmProjects\\baz_behave\\venv\\Lib\\site-packages\\appium\\webdriver\\errorhandler.py\", line 30, in check_response\n    raise wde\n  File \"E:\\Users\\314511\\PycharmProjects\\baz_behave\\venv\\Lib\\site-packages\\appium\\webdriver\\errorhandler.py\", line 26, in check_response\n    super().check_response(response)\n  File \"E:\\Users\\314511\\PycharmProjects\\baz_behave\\venv\\Lib\\site-packages\\selenium\\webdriver\\remote\\errorhandler.py\", line 245, in check_response\n    raise exception_class(message, screen, stacktrace)\n"}, "steps": [{"name": "Given login", "status": "passed", "start": 1687992231824, "stop": 1687992235364}, {"name": "Given you tapped on the sort filter", "status": "passed", "start": 1687992235364, "stop": 1687992237699}, {"name": "When I select the option Price from lowest to highest", "status": "passed", "start": 1687992237700, "stop": 1687992239140}, {"name": "And we validate the product with the least", "status": "passed", "start": 1687992239140, "stop": 1687992239458}, {"name": "And scroll on the screen", "status": "broken", "statusDetails": {"message": "selenium.common.exceptions.NoSuchElementException: Message: An element could not be located on the page using the given search parameters.\nStacktrace:\nNoSuchElementError: An element could not be located on the page using the given search parameters.\n    at AndroidUiautomator2Driver.findElOrEls (C:\\Program Files\\Appium Server GUI\\resources\\app\\node_modules\\appium\\node_modules\\appium-android-driver\\lib\\commands\\find.js:75:11)\n    at runMicrotasks (<anonymous>)\n    at processTicksAndRejections (internal/process/task_queues.js:97:5)\n    at AndroidUiautomator2Driver.findElOrElsWithProcessing (C:\\Program Files\\Appium Server GUI\\resources\\app\\node_modules\\appium\\node_modules\\appium-base-driver\\lib\\basedriver\\commands\\find.js:33:12)\n    at AndroidUiautomator2Driver.findElement (C:\\Program Files\\Appium Server GUI\\resources\\app\\node_modules\\appium\\node_modules\\appium-base-driver\\lib\\basedriver\\commands\\find.js:53:10)\n", "trace": "  File \"E:\\Users\\314511\\PycharmProjects\\baz_behave\\venv\\Lib\\site-packages\\behave\\model.py\", line 1329, in run\n    match.run(runner.context)\n  File \"E:\\Users\\314511\\PycharmProjects\\baz_behave\\venv\\Lib\\site-packages\\behave\\matchers.py\", line 98, in run\n    self.func(context, *args, **kwargs)\n  File \"steps\\price_filter_steps.py\", line 30, in step_impl\n    context.high_price = price_filter.get_text_of_element(*price_filter.lbl_high_price)\n                         ^^^^^^^^^^^^^^^^^^^^^^^^^^^^^^^^^^^^^^^^^^^^^^^^^^^^^^^^^^^^^^\n  File \"E:\\Users\\314511\\PycharmProjects\\baz_behave\\Behave\\utils\\common_actions.py\", line 27, in get_text_of_element\n    return self.driver.find_element(*locator).text\n           ^^^^^^^^^^^^^^^^^^^^^^^^^^^^^^^^^^\n  File \"E:\\Users\\314511\\PycharmProjects\\baz_behave\\venv\\Lib\\site-packages\\appium\\webdriver\\webdriver.py\", line 387, in find_element\n    return self.execute(RemoteCommand.FIND_ELEMENT, {'using': by, 'value': value})['value']\n           ^^^^^^^^^^^^^^^^^^^^^^^^^^^^^^^^^^^^^^^^^^^^^^^^^^^^^^^^^^^^^^^^^^^^^^^\n  File \"E:\\Users\\314511\\PycharmProjects\\baz_behave\\venv\\Lib\\site-packages\\selenium\\webdriver\\remote\\webdriver.py\", line 440, in execute\n    self.error_handler.check_response(response)\n  File \"E:\\Users\\314511\\PycharmProjects\\baz_behave\\venv\\Lib\\site-packages\\appium\\webdriver\\errorhandler.py\", line 30, in check_response\n    raise wde\n  File \"E:\\Users\\314511\\PycharmProjects\\baz_behave\\venv\\Lib\\site-packages\\appium\\webdriver\\errorhandler.py\", line 26, in check_response\n    super().check_response(response)\n  File \"E:\\Users\\314511\\PycharmProjects\\baz_behave\\venv\\Lib\\site-packages\\selenium\\webdriver\\remote\\errorhandler.py\", line 245, in check_response\n    raise exception_class(message, screen, stacktrace)\n"}, "start": 1687992239458, "stop": 1687992259697}, {"name": "Then we validate the product with the highest price", "status": "skipped", "start": 1687992260882, "stop": 1687992260882}], "start": 1687992211273, "stop": 1687992260882, "uuid": "8c1a6723-0095-47c8-a728-010549ba9992", "historyId": "b9da7bce79a534e00c5deb7f751d9443", "fullName": "filter products by price from lowest to highest: Validate the Price from lowest to highest", "labels": [{"name": "severity", "value": "normal"}, {"name": "tag", "value": "smoke"}, {"name": "feature", "value": "filter products by price from lowest to highest"}, {"name": "framework", "value": "behave"}, {"name": "language", "value": "cpython3"}]}